<?xml version="1.0" encoding="UTF-8"?>
<!-- Generated by org.testng.reporters.JUnitXMLReporter -->
<testsuite ignored="0" hostname="DESKTOP-GJKNL9Q" failures="0" tests="14" name="Default test" time="150.434" errors="0" timestamp="2026-02-21T19:57:22 IST">
  <testcase classname="demoQA.testLayer.AlertTest" name="verifyConfirmAlert" time="2.596"/>
  <testcase classname="demoQA.testLayer.AlertTest" name="verifyConfirmAlert" time="2.387"/>
  <testcase classname="demoQA.testLayer.AlertTest" name="verifyConfirmAlert" time="3.027"/>
  <testcase classname="demoQA.testLayer.AlertTest" name="verifyConfirmAlert" time="3.472"/>
  <testcase classname="demoQA.testLayer.AlertTest" name="verifyConfirmAlert" time="2.709"/>
  <testcase classname="demoQA.testLayer.AlertTest" name="verifyConfirmAlert" time="3.124"/>
  <testcase classname="demoQA.testLayer.AlertTest" name="verifyPromptAlert" time="3.848"/>
  <testcase classname="demoQA.testLayer.AlertTest" name="verifyPromptAlert" time="3.173"/>
  <testcase classname="demoQA.testLayer.AlertTest" name="verifyPromptAlert" time="3.782"/>
  <testcase classname="demoQA.testLayer.AlertTest" name="verifyPromptAlert" time="3.626"/>
  <testcase classname="demoQA.testLayer.AlertTest" name="verifyPromptAlert" time="3.502"/>
  <testcase classname="demoQA.testLayer.AlertTest" name="verifyPromptAlert" time="3.171"/>
  <testcase classname="demoQA.testLayer.AlertTest" name="verifySimpleAlert" time="3.305"/>
  <testcase classname="demoQA.testLayer.AlertTest" name="verifyTimerAlert" time="9.295"/>
</testsuite> <!-- Default test -->
