<?xml version="1.0" encoding="UTF-8"?>
<!-- Generated by org.testng.reporters.JUnitXMLReporter -->
<testsuite ignored="14" hostname="DESKTOP-GJKNL9Q" failures="2" tests="33" name="Firefox Test" time="1521.559" errors="0" timestamp="2026-02-21T20:55:26 IST">
  <testcase classname="demoQA.testLayer.TextBoxTest" name="runTextBoxTests" time="1.882">
    <failure type="java.lang.NullPointerException" message="Cannot invoke &amp;quot;demoQA.pageLayer.TextBoxPage.fillTextboxForm(String, String, String, String)&amp;quot; because &amp;quot;this.textBoxPage&amp;quot; is null">
      <![CDATA[java.lang.NullPointerException: Cannot invoke "demoQA.pageLayer.TextBoxPage.fillTextboxForm(String, String, String, String)" because "this.textBoxPage" is null
at demoQA.testLayer.TextBoxTest.runTextBoxTests(TextBoxTest.java:47)
at java.base/java.util.ArrayList.forEach(ArrayList.java:1596)
at java.base/java.util.concurrent.FutureTask.run(FutureTask.java:317)
at java.base/java.util.concurrent.ThreadPoolExecutor.runWorker(ThreadPoolExecutor.java:1144)
at java.base/java.util.concurrent.ThreadPoolExecutor$Worker.run(ThreadPoolExecutor.java:642)
at java.base/java.lang.Thread.run(Thread.java:1583)
... Removed 15 stack frames]]>
    </failure>
  </testcase> <!-- runTextBoxTests -->
  <testcase classname="demoQA.testLayer.TextBoxTest" name="runTextBoxTests" time="1.13">
    <failure type="java.lang.NullPointerException" message="Cannot invoke &amp;quot;demoQA.pageLayer.TextBoxPage.fillTextboxForm(String, String, String, String)&amp;quot; because &amp;quot;this.textBoxPage&amp;quot; is null">
      <![CDATA[java.lang.NullPointerException: Cannot invoke "demoQA.pageLayer.TextBoxPage.fillTextboxForm(String, String, String, String)" because "this.textBoxPage" is null
at demoQA.testLayer.TextBoxTest.runTextBoxTests(TextBoxTest.java:47)
at java.base/java.util.ArrayList.forEach(ArrayList.java:1596)
at java.base/java.util.concurrent.FutureTask.run(FutureTask.java:317)
at java.base/java.util.concurrent.ThreadPoolExecutor.runWorker(ThreadPoolExecutor.java:1144)
at java.base/java.util.concurrent.ThreadPoolExecutor$Worker.run(ThreadPoolExecutor.java:642)
at java.base/java.lang.Thread.run(Thread.java:1583)
... Removed 15 stack frames]]>
    </failure>
  </testcase> <!-- runTextBoxTests -->
  <testcase classname="demoQA.testLayer.AlertTest" name="verifyConfirmAlert" time="2.451"/>
  <testcase classname="demoQA.testLayer.AlertTest" name="verifyConfirmAlert" time="0.855"/>
  <testcase classname="demoQA.testLayer.AlertTest" name="verifyConfirmAlert" time="1.608"/>
  <testcase classname="demoQA.testLayer.AlertTest" name="verifyConfirmAlert" time="1.136"/>
  <testcase classname="demoQA.testLayer.AlertTest" name="verifyConfirmAlert" time="0.0">
    <skipped/>
  </testcase> <!-- verifyConfirmAlert -->
  <testcase classname="demoQA.testLayer.AlertTest" name="verifyConfirmAlert" time="0.0">
    <skipped/>
  </testcase> <!-- verifyConfirmAlert -->
  <testcase classname="demoQA.testLayer.AlertTest" name="verifyPromptAlert" time="0.001">
    <skipped/>
  </testcase> <!-- verifyPromptAlert -->
  <testcase classname="demoQA.testLayer.AlertTest" name="verifyPromptAlert" time="0.0">
    <skipped/>
  </testcase> <!-- verifyPromptAlert -->
  <testcase classname="demoQA.testLayer.AlertTest" name="verifyPromptAlert" time="0.0">
    <skipped/>
  </testcase> <!-- verifyPromptAlert -->
  <testcase classname="demoQA.testLayer.AlertTest" name="verifyPromptAlert" time="0.0">
    <skipped/>
  </testcase> <!-- verifyPromptAlert -->
  <testcase classname="demoQA.testLayer.AlertTest" name="verifyPromptAlert" time="0.0">
    <skipped/>
  </testcase> <!-- verifyPromptAlert -->
  <testcase classname="demoQA.testLayer.AlertTest" name="verifyPromptAlert" time="0.0">
    <skipped/>
  </testcase> <!-- verifyPromptAlert -->
  <testcase classname="demoQA.testLayer.AlertTest" name="verifySimpleAlert" time="0.0">
    <skipped/>
  </testcase> <!-- verifySimpleAlert -->
  <testcase classname="demoQA.testLayer.AlertTest" name="verifyTimerAlert" time="0.0">
    <skipped/>
  </testcase> <!-- verifyTimerAlert -->
  <testcase classname="demoQA.testLayer.FrameTest" name="verifyChildFrameContent" time="2.263"/>
  <testcase classname="demoQA.testLayer.FrameTest" name="verifyInvalidFrameHandling" time="0.0">
    <skipped/>
  </testcase> <!-- verifyInvalidFrameHandling -->
  <testcase classname="demoQA.testLayer.FrameTest" name="verifyParentFrameContent" time="0.001">
    <skipped/>
  </testcase> <!-- verifyParentFrameContent -->
  <testcase classname="demoQA.testLayer.FrameTest" name="verifySwitchBackToDefaultContent" time="0.0">
    <skipped/>
  </testcase> <!-- verifySwitchBackToDefaultContent -->
  <testcase classname="demoQA.testLayer.DatePickerTest" name="verifyDatePicker" time="0.0">
    <skipped/>
  </testcase> <!-- verifyDatePicker -->
  <testcase classname="demoQA.testLayer.DatePickerTest" name="verifyDatePicker" time="0.0">
    <skipped/>
  </testcase> <!-- verifyDatePicker -->
  <testcase classname="demoQA.testLayer.DatePickerTest" name="verifyDatePicker" time="0.0">
    <skipped/>
  </testcase> <!-- verifyDatePicker -->
  <testcase classname="demoQA.testLayer.ProgressBarTest" name="verifyProgressCompletesSuccessfully" time="0.0">
    <skipped/>
  </testcase> <!-- verifyProgressCompletesSuccessfully -->
  <testcase classname="demoQA.testLayer.ProgressBarTest" name="verifyProgressResetsAfterCompletion" time="0.0">
    <skipped/>
  </testcase> <!-- verifyProgressResetsAfterCompletion -->
  <testcase classname="demoQA.testLayer.ProgressBarTest" name="verifyProgressStopsMidway" time="0.0">
    <skipped/>
  </testcase> <!-- verifyProgressStopsMidway -->
  <testcase classname="demoQA.testLayer.UploadAndDownloadTest" name="verifyFileDownload" time="0.0">
    <skipped/>
  </testcase> <!-- verifyFileDownload -->
  <testcase classname="demoQA.testLayer.UploadAndDownloadTest" name="verifyFileUpload" time="0.0">
    <skipped/>
  </testcase> <!-- verifyFileUpload -->
  <testcase classname="demoQA.testLayer.SelectMenuTest" name="verifySelectMenuFunctionality" time="0.0">
    <skipped/>
  </testcase> <!-- verifySelectMenuFunctionality -->
  <testcase classname="demoQA.testLayer.SelectMenuTest" name="verifySelectMenuFunctionality" time="0.0">
    <skipped/>
  </testcase> <!-- verifySelectMenuFunctionality -->
  <testcase classname="demoQA.testLayer.PracticeFormTest" name="runPracticeFormTests" time="0.0">
    <skipped/>
  </testcase> <!-- runPracticeFormTests -->
  <testcase classname="demoQA.testLayer.PracticeFormTest" name="runPracticeFormTests" time="0.0">
    <skipped/>
  </testcase> <!-- runPracticeFormTests -->
  <testcase classname="demoQA.testLayer.PracticeFormTest" name="runPracticeFormTests" time="0.0">
    <skipped/>
  </testcase> <!-- runPracticeFormTests -->
  <testcase classname="demoQA.baseLayer.BaseTest" name="@BeforeSuite beforeSuite" time="0.0">
    <ignored/>
  </testcase> <!-- @BeforeSuite beforeSuite -->
  <testcase classname="demoQA.baseLayer.BaseTest" name="@BeforeSuite beforeSuite" time="0.0">
    <ignored/>
  </testcase> <!-- @BeforeSuite beforeSuite -->
  <testcase classname="demoQA.baseLayer.BaseTest" name="@AfterSuite afterSuite" time="0.0">
    <ignored/>
  </testcase> <!-- @AfterSuite afterSuite -->
  <testcase classname="demoQA.baseLayer.BaseTest" name="@AfterSuite afterSuite" time="0.0">
    <ignored/>
  </testcase> <!-- @AfterSuite afterSuite -->
  <testcase classname="demoQA.baseLayer.BaseTest" name="@BeforeSuite beforeSuite" time="0.0">
    <ignored/>
  </testcase> <!-- @BeforeSuite beforeSuite -->
  <testcase classname="demoQA.baseLayer.BaseTest" name="@AfterSuite afterSuite" time="0.0">
    <ignored/>
  </testcase> <!-- @AfterSuite afterSuite -->
  <testcase classname="demoQA.baseLayer.BaseTest" name="@AfterSuite afterSuite" time="0.0">
    <ignored/>
  </testcase> <!-- @AfterSuite afterSuite -->
  <testcase classname="demoQA.baseLayer.BaseTest" name="@AfterSuite afterSuite" time="0.0">
    <ignored/>
  </testcase> <!-- @AfterSuite afterSuite -->
  <testcase classname="demoQA.baseLayer.BaseTest" name="@AfterSuite afterSuite" time="0.0">
    <ignored/>
  </testcase> <!-- @AfterSuite afterSuite -->
  <testcase classname="demoQA.baseLayer.BaseTest" name="@AfterSuite afterSuite" time="0.0">
    <ignored/>
  </testcase> <!-- @AfterSuite afterSuite -->
  <testcase classname="demoQA.baseLayer.BaseTest" name="@BeforeSuite beforeSuite" time="0.0">
    <ignored/>
  </testcase> <!-- @BeforeSuite beforeSuite -->
  <testcase classname="demoQA.baseLayer.BaseTest" name="@BeforeSuite beforeSuite" time="0.0">
    <ignored/>
  </testcase> <!-- @BeforeSuite beforeSuite -->
  <testcase classname="demoQA.baseLayer.BaseTest" name="@BeforeSuite beforeSuite" time="0.0">
    <ignored/>
  </testcase> <!-- @BeforeSuite beforeSuite -->
  <testcase classname="demoQA.baseLayer.BaseTest" name="@BeforeSuite beforeSuite" time="0.0">
    <ignored/>
  </testcase> <!-- @BeforeSuite beforeSuite -->
</testsuite> <!-- Firefox Test -->
