<?xml version="1.0" encoding="UTF-8"?>
<!-- Generated by org.testng.reporters.JUnitXMLReporter -->
<testsuite ignored="1" hostname="DESKTOP-GJKNL9Q" failures="0" tests="3" name="Test" time="43.736" errors="0" timestamp="2026-01-31T10:47:14 IST">
  <testcase classname="demoQA.testLayer.LaunchTest" name="verifyDemoQALaunch" time="21.462"/>
  <testcase classname="demoQA.testLayer.LaunchTest" name="verifyDemoQALaunch" time="30.734"/>
  <testcase classname="demoQA.testLayer.LaunchTest" name="verifyDemoQALaunch" time="32.882"/>
  <testcase classname="demoQA.baseLayer.BaseTest" name="@BeforeSuite loadConfiguration" time="0.0">
    <ignored/>
  </testcase> <!-- @BeforeSuite loadConfiguration -->
</testsuite> <!-- Test -->
