<?xml version="1.0" encoding="UTF-8"?>
<!-- Generated by org.testng.reporters.JUnitXMLReporter -->
<testsuite ignored="0" hostname="DESKTOP-GJKNL9Q" failures="0" tests="14" name="ChromeTests" time="153.31" errors="0" timestamp="2026-02-12T09:57:28 IST">
  <testcase classname="demoQA.testLayer.AlertTest" name="verifyConfirmAlert" time="0.035"/>
  <testcase classname="demoQA.testLayer.AlertTest" name="verifyConfirmAlert" time="0.002"/>
  <testcase classname="demoQA.testLayer.AlertTest" name="verifyConfirmAlert" time="0.007"/>
  <testcase classname="demoQA.testLayer.AlertTest" name="verifyConfirmAlert" time="0.003"/>
  <testcase classname="demoQA.testLayer.AlertTest" name="verifyConfirmAlert" time="0.004"/>
  <testcase classname="demoQA.testLayer.AlertTest" name="verifyConfirmAlert" time="0.012"/>
  <testcase classname="demoQA.testLayer.AlertTest" name="verifyPromptAlert" time="0.413"/>
  <testcase classname="demoQA.testLayer.AlertTest" name="verifyPromptAlert" time="0.16"/>
  <testcase classname="demoQA.testLayer.AlertTest" name="verifyPromptAlert" time="1.888"/>
  <testcase classname="demoQA.testLayer.AlertTest" name="verifyPromptAlert" time="0.305"/>
  <testcase classname="demoQA.testLayer.AlertTest" name="verifyPromptAlert" time="0.467"/>
  <testcase classname="demoQA.testLayer.AlertTest" name="verifyPromptAlert" time="2.216"/>
  <testcase classname="demoQA.testLayer.AlertTest" name="verifySimpleAlert" time="0.088"/>
  <testcase classname="demoQA.testLayer.AlertTest" name="verifyTimerAlert" time="5.308"/>
</testsuite> <!-- ChromeTests -->
