<?xml version="1.0" encoding="UTF-8"?>
<!-- Generated by org.testng.reporters.JUnitXMLReporter -->
<testsuite ignored="0" hostname="DESKTOP-GJKNL9Q" failures="0" tests="3" name="EdgeTests" time="72.148" errors="0" timestamp="2026-02-10T16:57:04 IST">
  <testcase classname="demoQA.testLayer.PracticeFormTest" name="runPracticeFormTests" time="4.734"/>
  <testcase classname="demoQA.testLayer.PracticeFormTest" name="runPracticeFormTests" time="14.437"/>
  <testcase classname="demoQA.testLayer.PracticeFormTest" name="runPracticeFormTests" time="13.788"/>
</testsuite> <!-- EdgeTests -->
