<?xml version="1.0" encoding="UTF-8"?>
<!-- Generated by org.testng.reporters.JUnitXMLReporter -->
<testsuite ignored="0" hostname="DESKTOP-GJKNL9Q" failures="1" tests="3" name="FirefoxTests" time="87.23" errors="0" timestamp="2026-02-10T16:58:31 IST">
  <testcase classname="demoQA.testLayer.PracticeFormTest" name="runPracticeFormTests" time="1.07">
    <failure type="org.openqa.selenium.ElementClickInterceptedException" message="Element &amp;lt;div id=&amp;quot;state&amp;quot; class=&amp;quot; css-2b097c-container&amp;quot;&amp;gt; is not clickable at point (619,571) because another element &amp;lt;iframe id=&amp;quot;google_ads_iframe_/21849154601,22343295815/Ad.Plus-Anchor_0&amp;quot; name=&amp;quot;&amp;quot; src=&amp;quot;https://ff838990f5d26772b51131a622377bea.safeframe.googlesyndication.com/safeframe/1-0-45/html/container.html&amp;quot;&amp;gt; obscures it
Build info: version: &amp;apos;4.40.0&amp;apos;, revision: &amp;apos;b3333f1&amp;apos;
System info: os.name: &amp;apos;Windows 10&amp;apos;, os.arch: &amp;apos;amd64&amp;apos;, os.version: &amp;apos;10.0&amp;apos;, java.version: &amp;apos;21.0.2&amp;apos;
Driver info: org.openqa.selenium.firefox.FirefoxDriver
Command: [ca8519eb-0939-487b-a280-74e69bf5b1a2, clickElement {id=24bee7d7-182e-4584-8080-a87b27914b85}]
Capabilities {acceptInsecureCerts: true, browserName: firefox, browserVersion: 147.0.3, moz:accessibilityChecks: false, moz:buildID: 20260203002554, moz:geckodriverVersion: 0.36.0, moz:headless: false, moz:platformVersion: 10.0, moz:processID: 19120, moz:profile: C:\Users\Admin\AppData\Loca..., moz:shutdownTimeout: 60000, moz:webdriverClick: true, moz:windowless: false, pageLoadStrategy: normal, platformName: windows, proxy: Proxy(), setWindowRect: true, strictFileInteractability: false, timeouts: {implicit: 0, pageLoad: 300000, script: 30000}, unhandledPromptBehavior: dismiss and notify, userAgent: Mozilla/5.0 (Windows NT 10....}
Element: [[FirefoxDriver: firefox on windows (ca8519eb-0939-487b-a280-74e69bf5b1a2)] -&amp;gt; id: state]
Session ID: ca8519eb-0939-487b-a280-74e69bf5b1a2">
      <![CDATA[org.openqa.selenium.ElementClickInterceptedException: Element <div id="state" class=" css-2b097c-container"> is not clickable at point (619,571) because another element <iframe id="google_ads_iframe_/21849154601,22343295815/Ad.Plus-Anchor_0" name="" src="https://ff838990f5d26772b51131a622377bea.safeframe.googlesyndication.com/safeframe/1-0-45/html/container.html"> obscures it
Build info: version: '4.40.0', revision: 'b3333f1'
System info: os.name: 'Windows 10', os.arch: 'amd64', os.version: '10.0', java.version: '21.0.2'
Driver info: org.openqa.selenium.firefox.FirefoxDriver
Command: [ca8519eb-0939-487b-a280-74e69bf5b1a2, clickElement {id=24bee7d7-182e-4584-8080-a87b27914b85}]
Capabilities {acceptInsecureCerts: true, browserName: firefox, browserVersion: 147.0.3, moz:accessibilityChecks: false, moz:buildID: 20260203002554, moz:geckodriverVersion: 0.36.0, moz:headless: false, moz:platformVersion: 10.0, moz:processID: 19120, moz:profile: C:\Users\Admin\AppData\Loca..., moz:shutdownTimeout: 60000, moz:webdriverClick: true, moz:windowless: false, pageLoadStrategy: normal, platformName: windows, proxy: Proxy(), setWindowRect: true, strictFileInteractability: false, timeouts: {implicit: 0, pageLoad: 300000, script: 30000}, unhandledPromptBehavior: dismiss and notify, userAgent: Mozilla/5.0 (Windows NT 10....}
Element: [[FirefoxDriver: firefox on windows (ca8519eb-0939-487b-a280-74e69bf5b1a2)] -> id: state]
Session ID: ca8519eb-0939-487b-a280-74e69bf5b1a2
at org.openqa.selenium.remote.ErrorCodec.decode(ErrorCodec.java:169)
at org.openqa.selenium.remote.codec.w3c.W3CHttpResponseCodec.decode(W3CHttpResponseCodec.java:142)
at org.openqa.selenium.remote.codec.w3c.W3CHttpResponseCodec.decode(W3CHttpResponseCodec.java:49)
at org.openqa.selenium.remote.HttpCommandExecutor.execute(HttpCommandExecutor.java:223)
at org.openqa.selenium.remote.service.DriverCommandExecutor.invokeExecute(DriverCommandExecutor.java:216)
at org.openqa.selenium.remote.service.DriverCommandExecutor.execute(DriverCommandExecutor.java:174)
at org.openqa.selenium.remote.RemoteWebDriver.execute(RemoteWebDriver.java:601)
at org.openqa.selenium.remote.RemoteWebElement.execute(RemoteWebElement.java:223)
at org.openqa.selenium.remote.RemoteWebElement.click(RemoteWebElement.java:76)
at org.openqa.selenium.support.pagefactory.internal.LocatingElementHandler.invoke(LocatingElementHandler.java:51)
at jdk.proxy2/jdk.proxy2.$Proxy14.click(Unknown Source)
at demoQA.pageLayer.PracticeFormPage.fillForm(PracticeFormPage.java:122)
at demoQA.testLayer.PracticeFormTest.runPracticeFormTests(PracticeFormTest.java:36)
at java.base/java.util.ArrayList.forEach(ArrayList.java:1596)
... Removed 27 stack frames]]>
    </failure>
  </testcase> <!-- runPracticeFormTests -->
  <testcase classname="demoQA.testLayer.PracticeFormTest" name="runPracticeFormTests" time="12.01"/>
  <testcase classname="demoQA.testLayer.PracticeFormTest" name="runPracticeFormTests" time="12.283"/>
</testsuite> <!-- FirefoxTests -->
